PLINK v1.90b6.21 64-bit (19 Oct 2020)
Options in effect:
  --allow-extra-chr
  --double-id
  --make-bed
  --out leopard_17ind
  --pca
  --set-missing-var-ids @:#
  --vcf ../gatk/leopard_17ind.filtered.vcf

Hostname: leftraru2
Working directory: /home/courses/instructor01/pca
Start time: Mon Mar 21 10:32:00 2022

Random number seed: 1647869520
64287 MB RAM detected; reserving 32143 MB for main workspace.
--vcf: leopard_17ind-temporary.bed + leopard_17ind-temporary.bim +
leopard_17ind-temporary.fam written.
87613 variants loaded from .bim file.
87613 missing IDs set.
17 people (0 males, 0 females, 17 ambiguous) loaded from .fam.
Ambiguous sex IDs written to leopard_17ind.nosex .
Using up to 19 threads (change this with --threads).
Before main variant filters, 17 founders and 0 nonfounders present.
Calculating allele frequencies... done.
Total genotyping rate is 0.335034.
87613 variants and 17 people pass filters and QC.
Note: No phenotypes present.
Relationship matrix calculation complete.
Warning: calculating 17 PCs, since there are only 17 samples.
--pca: Results saved to leopard_17ind.eigenval and leopard_17ind.eigenvec .
--make-bed to leopard_17ind.bed + leopard_17ind.bim + leopard_17ind.fam ...
done.

End time: Mon Mar 21 10:32:01 2022
