****                   ADMIXTURE Version 1.3.0                  ****
****                    Copyright 2008-2015                     ****
****           David Alexander, Suyash Shringarpure,            ****
****                John  Novembre, Ken Lange                   ****
****                                                            ****
****                 Please cite our paper!                     ****
****   Information at www.genetics.ucla.edu/software/admixture  ****

Cross-validation will be performed.  Folds=5.
Random seed: 43
Point estimation method: Block relaxation algorithm
Convergence acceleration algorithm: QuasiNewton, 3 secant conditions
Point estimation will terminate when objective function delta < 0.0001
Estimation of standard errors disabled; will compute point estimates only.
Size of G: 17x34497
Performing five EM steps to prime main algorithm
1 (EM) 	Elapsed: 0.018	Loglikelihood: -299999	(delta): 227518
2 (EM) 	Elapsed: 0.018	Loglikelihood: -287787	(delta): 12212.5
3 (EM) 	Elapsed: 0.018	Loglikelihood: -283707	(delta): 4080.22
4 (EM) 	Elapsed: 0.018	Loglikelihood: -281552	(delta): 2154.83
5 (EM) 	Elapsed: 0.018	Loglikelihood: -280280	(delta): 1272.03
Initial loglikelihood: -280280
Starting main algorithm
1 (QN/Block) 	Elapsed: 0.114	Loglikelihood: -276456	(delta): 3823.93
2 (QN/Block) 	Elapsed: 0.113	Loglikelihood: -275649	(delta): 806.674
3 (QN/Block) 	Elapsed: 0.148	Loglikelihood: -275516	(delta): 132.735
4 (QN/Block) 	Elapsed: 0.127	Loglikelihood: -275414	(delta): 102.269
5 (QN/Block) 	Elapsed: 0.126	Loglikelihood: -275296	(delta): 118.503
6 (QN/Block) 	Elapsed: 0.143	Loglikelihood: -275156	(delta): 139.38
7 (QN/Block) 	Elapsed: 0.138	Loglikelihood: -275108	(delta): 47.8286
8 (QN/Block) 	Elapsed: 0.143	Loglikelihood: -274973	(delta): 135.183
9 (QN/Block) 	Elapsed: 0.126	Loglikelihood: -274957	(delta): 16.6906
10 (QN/Block) 	Elapsed: 0.126	Loglikelihood: -274955	(delta): 1.56759
11 (QN/Block) 	Elapsed: 0.126	Loglikelihood: -274954	(delta): 0.513831
12 (QN/Block) 	Elapsed: 0.126	Loglikelihood: -274954	(delta): 0.195603
13 (QN/Block) 	Elapsed: 0.126	Loglikelihood: -274954	(delta): 0.0842643
14 (QN/Block) 	Elapsed: 0.129	Loglikelihood: -274954	(delta): 0.0323619
15 (QN/Block) 	Elapsed: 0.126	Loglikelihood: -274954	(delta): 0.00797352
16 (QN/Block) 	Elapsed: 0.126	Loglikelihood: -274954	(delta): 0.00336798
17 (QN/Block) 	Elapsed: 0.126	Loglikelihood: -274954	(delta): 0.000558644
18 (QN/Block) 	Elapsed: 0.126	Loglikelihood: -274954	(delta): 9.61114e-05
Summary: 
Converged in 18 iterations (2.555 sec)
Loglikelihood: -274954.102366
Fst divergences between estimated populations: 
	Pop0	
Pop0	
Pop1	0.214	
CV error (K=2): 1.10968
Writing output files.
