****                   ADMIXTURE Version 1.3.0                  ****
****                    Copyright 2008-2015                     ****
****           David Alexander, Suyash Shringarpure,            ****
****                John  Novembre, Ken Lange                   ****
****                                                            ****
****                 Please cite our paper!                     ****
****   Information at www.genetics.ucla.edu/software/admixture  ****

Cross-validation will be performed.  Folds=5.
Random seed: 43
Point estimation method: Block relaxation algorithm
Convergence acceleration algorithm: QuasiNewton, 3 secant conditions
Point estimation will terminate when objective function delta < 0.0001
Estimation of standard errors disabled; will compute point estimates only.
Size of G: 17x34497
Performing five EM steps to prime main algorithm
1 (EM) 	Elapsed: 0.026	Loglikelihood: -300408	(delta): 190871
2 (EM) 	Elapsed: 0.025	Loglikelihood: -287220	(delta): 13189
3 (EM) 	Elapsed: 0.025	Loglikelihood: -282250	(delta): 4969.29
4 (EM) 	Elapsed: 0.025	Loglikelihood: -279029	(delta): 3221.52
5 (EM) 	Elapsed: 0.025	Loglikelihood: -276629	(delta): 2399.91
Initial loglikelihood: -276629
Starting main algorithm
1 (QN/Block) 	Elapsed: 0.148	Loglikelihood: -266134	(delta): 10494.5
2 (QN/Block) 	Elapsed: 0.147	Loglikelihood: -264351	(delta): 1783.07
3 (QN/Block) 	Elapsed: 0.187	Loglikelihood: -263972	(delta): 378.743
4 (QN/Block) 	Elapsed: 0.169	Loglikelihood: -263711	(delta): 261.269
5 (QN/Block) 	Elapsed: 0.161	Loglikelihood: -263531	(delta): 180.156
6 (QN/Block) 	Elapsed: 0.167	Loglikelihood: -263438	(delta): 92.8265
7 (QN/Block) 	Elapsed: 0.179	Loglikelihood: -263409	(delta): 29.3363
8 (QN/Block) 	Elapsed: 0.16	Loglikelihood: -263368	(delta): 40.6966
9 (QN/Block) 	Elapsed: 0.16	Loglikelihood: -263336	(delta): 32.3383
10 (QN/Block) 	Elapsed: 0.161	Loglikelihood: -263322	(delta): 13.6484
11 (QN/Block) 	Elapsed: 0.166	Loglikelihood: -263293	(delta): 29.0104
12 (QN/Block) 	Elapsed: 0.16	Loglikelihood: -263251	(delta): 42.2677
13 (QN/Block) 	Elapsed: 0.16	Loglikelihood: -263229	(delta): 22.3544
14 (QN/Block) 	Elapsed: 0.166	Loglikelihood: -263203	(delta): 25.8728
15 (QN/Block) 	Elapsed: 0.172	Loglikelihood: -263201	(delta): 1.75105
16 (QN/Block) 	Elapsed: 0.16	Loglikelihood: -263201	(delta): 0.287433
17 (QN/Block) 	Elapsed: 0.167	Loglikelihood: -263200	(delta): 0.398106
18 (QN/Block) 	Elapsed: 0.172	Loglikelihood: -263200	(delta): 0.48255
19 (QN/Block) 	Elapsed: 0.162	Loglikelihood: -263200	(delta): 0.141813
20 (QN/Block) 	Elapsed: 0.162	Loglikelihood: -263200	(delta): 0.128915
21 (QN/Block) 	Elapsed: 0.162	Loglikelihood: -263199	(delta): 0.0271796
22 (QN/Block) 	Elapsed: 0.163	Loglikelihood: -263199	(delta): 0.00811845
23 (QN/Block) 	Elapsed: 0.168	Loglikelihood: -263199	(delta): 0.00196394
24 (QN/Block) 	Elapsed: 0.162	Loglikelihood: -263199	(delta): 0.00214474
25 (QN/Block) 	Elapsed: 0.162	Loglikelihood: -263199	(delta): 0.000457807
26 (QN/Block) 	Elapsed: 0.163	Loglikelihood: -263199	(delta): 2.07326e-05
Summary: 
Converged in 26 iterations (4.609 sec)
Loglikelihood: -263199.477402
Fst divergences between estimated populations: 
	Pop0	Pop1	
Pop0	
Pop1	0.248	
Pop2	0.243	0.230	
CV error (K=3): 1.15493
Writing output files.
