****                   ADMIXTURE Version 1.3.0                  ****
****                    Copyright 2008-2015                     ****
****           David Alexander, Suyash Shringarpure,            ****
****                John  Novembre, Ken Lange                   ****
****                                                            ****
****                 Please cite our paper!                     ****
****   Information at www.genetics.ucla.edu/software/admixture  ****

Cross-validation will be performed.  Folds=5.
Random seed: 43
Point estimation method: Block relaxation algorithm
Convergence acceleration algorithm: QuasiNewton, 3 secant conditions
Point estimation will terminate when objective function delta < 0.0001
Estimation of standard errors disabled; will compute point estimates only.
Size of G: 17x34497
Performing five EM steps to prime main algorithm
1 (EM) 	Elapsed: 0.044	Loglikelihood: -297826	(delta): 166392
2 (EM) 	Elapsed: 0.044	Loglikelihood: -283379	(delta): 14446.6
3 (EM) 	Elapsed: 0.044	Loglikelihood: -277375	(delta): 6003.64
4 (EM) 	Elapsed: 0.043	Loglikelihood: -273115	(delta): 4259.93
5 (EM) 	Elapsed: 0.043	Loglikelihood: -269728	(delta): 3387.2
Initial loglikelihood: -269728
Starting main algorithm
1 (QN/Block) 	Elapsed: 0.231	Loglikelihood: -252528	(delta): 17199.8
2 (QN/Block) 	Elapsed: 0.233	Loglikelihood: -249617	(delta): 2911.75
3 (QN/Block) 	Elapsed: 0.26	Loglikelihood: -248539	(delta): 1077.49
4 (QN/Block) 	Elapsed: 0.246	Loglikelihood: -247924	(delta): 614.715
5 (QN/Block) 	Elapsed: 0.244	Loglikelihood: -247616	(delta): 308.149
6 (QN/Block) 	Elapsed: 0.244	Loglikelihood: -247462	(delta): 154.728
7 (QN/Block) 	Elapsed: 0.251	Loglikelihood: -247393	(delta): 68.3252
8 (QN/Block) 	Elapsed: 0.245	Loglikelihood: -247342	(delta): 51.1718
9 (QN/Block) 	Elapsed: 0.243	Loglikelihood: -247316	(delta): 26.1403
10 (QN/Block) 	Elapsed: 0.243	Loglikelihood: -247302	(delta): 13.7903
11 (QN/Block) 	Elapsed: 0.244	Loglikelihood: -247296	(delta): 5.78808
12 (QN/Block) 	Elapsed: 0.261	Loglikelihood: -247286	(delta): 10.2316
13 (QN/Block) 	Elapsed: 0.243	Loglikelihood: -247279	(delta): 6.93814
14 (QN/Block) 	Elapsed: 0.248	Loglikelihood: -247268	(delta): 11.0109
15 (QN/Block) 	Elapsed: 0.259	Loglikelihood: -247260	(delta): 7.79072
16 (QN/Block) 	Elapsed: 0.252	Loglikelihood: -247262	(delta): -2.02097
17 (QN/Block) 	Elapsed: 0.251	Loglikelihood: -247270	(delta): -7.48282
18 (QN/Block) 	Elapsed: 0.271	Loglikelihood: -247259	(delta): 11.1559
19 (QN/Block) 	Elapsed: 0.264	Loglikelihood: -247252	(delta): 7.16413
20 (QN/Block) 	Elapsed: 0.242	Loglikelihood: -247270	(delta): -18.5615
21 (QN/Block) 	Elapsed: 0.242	Loglikelihood: -247265	(delta): 5.58859
22 (QN/Block) 	Elapsed: 0.243	Loglikelihood: -247265	(delta): -0.146596
23 (QN/Block) 	Elapsed: 0.25	Loglikelihood: -247264	(delta): 0.974771
24 (QN/Block) 	Elapsed: 0.255	Loglikelihood: -247263	(delta): 1.01453
25 (QN/Block) 	Elapsed: 0.241	Loglikelihood: -247262	(delta): 0.579092
26 (QN/Block) 	Elapsed: 0.277	Loglikelihood: -247262	(delta): 0.0718938
27 (QN/Block) 	Elapsed: 0.262	Loglikelihood: -247260	(delta): 1.57542
28 (QN/Block) 	Elapsed: 0.269	Loglikelihood: -247257	(delta): 3.39045
29 (QN/Block) 	Elapsed: 0.249	Loglikelihood: -247270	(delta): -12.8393
30 (QN/Block) 	Elapsed: 0.259	Loglikelihood: -247265	(delta): 4.65509
31 (QN/Block) 	Elapsed: 0.278	Loglikelihood: -247265	(delta): 0.678139
32 (QN/Block) 	Elapsed: 0.264	Loglikelihood: -247265	(delta): 0.0884648
33 (QN/Block) 	Elapsed: 0.242	Loglikelihood: -247264	(delta): 0.282583
34 (QN/Block) 	Elapsed: 0.241	Loglikelihood: -247267	(delta): -3.22365
35 (QN/Block) 	Elapsed: 0.262	Loglikelihood: -247267	(delta): 0.241026
36 (QN/Block) 	Elapsed: 0.24	Loglikelihood: -247265	(delta): 1.91276
37 (QN/Block) 	Elapsed: 0.263	Loglikelihood: -247265	(delta): 0.229776
38 (QN/Block) 	Elapsed: 0.262	Loglikelihood: -247266	(delta): -0.49917
39 (QN/Block) 	Elapsed: 0.263	Loglikelihood: -247265	(delta): 0.54174
40 (QN/Block) 	Elapsed: 0.262	Loglikelihood: -247265	(delta): 0.020422
41 (QN/Block) 	Elapsed: 0.267	Loglikelihood: -247265	(delta): 0.013752
42 (QN/Block) 	Elapsed: 0.263	Loglikelihood: -247265	(delta): 0.104235
43 (QN/Block) 	Elapsed: 0.262	Loglikelihood: -247265	(delta): 0.0252812
44 (QN/Block) 	Elapsed: 0.279	Loglikelihood: -247265	(delta): 0.135437
45 (QN/Block) 	Elapsed: 0.279	Loglikelihood: -247265	(delta): 0.160909
46 (QN/Block) 	Elapsed: 0.257	Loglikelihood: -247265	(delta): 0.0189508
47 (QN/Block) 	Elapsed: 0.262	Loglikelihood: -247264	(delta): 0.545218
48 (QN/Block) 	Elapsed: 0.262	Loglikelihood: -247264	(delta): 0.0226755
49 (QN/Block) 	Elapsed: 0.26	Loglikelihood: -247264	(delta): 0.00540699
50 (QN/Block) 	Elapsed: 0.247	Loglikelihood: -247264	(delta): 0.0128775
51 (QN/Block) 	Elapsed: 0.242	Loglikelihood: -247264	(delta): 0.00328069
52 (QN/Block) 	Elapsed: 0.241	Loglikelihood: -247277	(delta): -12.5863
53 (QN/Block) 	Elapsed: 0.26	Loglikelihood: -247275	(delta): 1.35195
54 (QN/Block) 	Elapsed: 0.24	Loglikelihood: -247275	(delta): 0.00704129
55 (QN/Block) 	Elapsed: 0.241	Loglikelihood: -247275	(delta): 0.00432884
56 (QN/Block) 	Elapsed: 0.243	Loglikelihood: -247275	(delta): 0.00197856
57 (QN/Block) 	Elapsed: 0.243	Loglikelihood: -247275	(delta): 0.0505991
58 (QN/Block) 	Elapsed: 0.243	Loglikelihood: -247275	(delta): 0.000494023
59 (QN/Block) 	Elapsed: 0.241	Loglikelihood: -247274	(delta): 0.774277
60 (QN/Block) 	Elapsed: 0.247	Loglikelihood: -247274	(delta): 6.56497e-05
Summary: 
Converged in 60 iterations (15.876 sec)
Loglikelihood: -247274.355897
Fst divergences between estimated populations: 
	Pop0	Pop1	Pop2	Pop3	
Pop0	
Pop1	0.310	
Pop2	0.288	0.299	
Pop3	0.303	0.319	0.298	
Pop4	0.298	0.328	0.287	0.305	
CV error (K=5): 1.17598
Writing output files.
